<?xml version="1.0" encoding="UTF-8"?>
<!-- Generated by org.testng.reporters.JUnitXMLReporter -->
<testsuite ignored="0" hostname="DESKTOP-KR2Q3EV" failures="1" tests="2" name="Default test" time="43.268" errors="0" timestamp="2025-07-01T13:48:21 IST">
  <testcase classname="io.cucumber.testng.AbstractTestNGCucumberTests" name="runScenario" time="21.251"/>
  <testcase classname="io.cucumber.testng.AbstractTestNGCucumberTests" name="runScenario" time="11.384">
    <failure type="java.lang.AssertionError" message="expected [true] but found [false]">
      <![CDATA[java.lang.AssertionError: expected [true] but found [false]
at org.testng.Assert.fail(Assert.java:110)
at org.testng.Assert.failNotEquals(Assert.java:1577)
at org.testng.Assert.assertTrue(Assert.java:56)
at org.testng.Assert.assertTrue(Assert.java:66)
at tutorialNinjaStep.TutorialNinjaSteps.the_title_of_the_web_page_should_contains(TutorialNinjaSteps.java:45)
at ✽.the title of the web page should contains "Mobile"(file:///C:/AllDataAutomation/data%20eclipse/BDDPractice/src/test/resources/TutorialsNinja.feature:17)
]]>
    </failure>
  </testcase> <!-- runScenario -->
</testsuite> <!-- Default test -->
