<?xml version="1.0" encoding="UTF-8"?>
<testng-results ignored="0" total="4" passed="4" failed="0" skipped="0">
  <reporter-output>
  </reporter-output>
  <suite started-at="2025-08-03T01:12:15 IST" name="Default suite" finished-at="2025-08-03T01:12:57 IST" duration-ms="42637">
    <groups>
      <group name="cucumber">
        <method signature="AbstractTestNGCucumberTests.runScenario(io.cucumber.testng.PickleWrapper,io.cucumber.testng.FeatureWrapper)[pri:0, instance:runner.RunnerClass1@43b6123e]" name="runScenario" class="io.cucumber.testng.AbstractTestNGCucumberTests"/>
      </group> <!-- cucumber -->
    </groups>
    <test started-at="2025-08-03T01:12:15 IST" name="Default test" finished-at="2025-08-03T01:12:57 IST" duration-ms="42637">
      <class name="runner.RunnerClass1">
        <test-method is-config="true" signature="setUpClass(org.testng.ITestContext)[pri:0, instance:runner.RunnerClass1@43b6123e]" started-at="2025-08-03T01:12:15 IST" name="setUpClass" finished-at="2025-08-03T01:12:16 IST" duration-ms="1117" status="PASS">
          <params>
            <param index="0">
              <value>
                <![CDATA[org.testng.TestRunner@4422dd48]]>
              </value>
            </param>
          </params>
          <reporter-output>
          </reporter-output>
        </test-method> <!-- setUpClass -->
        <test-method signature="runScenario(io.cucumber.testng.PickleWrapper,io.cucumber.testng.FeatureWrapper)[pri:0, instance:runner.RunnerClass1@43b6123e]" started-at="2025-08-03T01:12:16 IST" name="runScenario" description="Runs Cucumber Scenarios" data-provider="scenarios" finished-at="2025-08-03T01:12:53 IST" duration-ms="37049" status="PASS">
          <params>
            <param index="0">
              <value>
                <![CDATA["Verify the add to cart functionality of the Mackbook product"]]>
              </value>
            </param>
            <param index="1">
              <value>
                <![CDATA["Verify the Tutorials Ninja Home page"]]>
              </value>
            </param>
          </params>
          <reporter-output>
          </reporter-output>
        </test-method> <!-- runScenario -->
        <test-method signature="runScenario(io.cucumber.testng.PickleWrapper,io.cucumber.testng.FeatureWrapper)[pri:0, instance:runner.RunnerClass1@43b6123e]" started-at="2025-08-03T01:12:16 IST" name="runScenario" description="Runs Cucumber Scenarios" data-provider="scenarios" finished-at="2025-08-03T01:12:53 IST" duration-ms="37377" status="PASS">
          <params>
            <param index="0">
              <value>
                <![CDATA["Verify the add to cart functionality of the Mackbook product"]]>
              </value>
            </param>
            <param index="1">
              <value>
                <![CDATA["Verify the Tutorials Ninja Home page"]]>
              </value>
            </param>
          </params>
          <reporter-output>
          </reporter-output>
        </test-method> <!-- runScenario -->
        <test-method signature="runScenario(io.cucumber.testng.PickleWrapper,io.cucumber.testng.FeatureWrapper)[pri:0, instance:runner.RunnerClass1@43b6123e]" started-at="2025-08-03T01:12:16 IST" name="runScenario" description="Runs Cucumber Scenarios" data-provider="scenarios" finished-at="2025-08-03T01:12:54 IST" duration-ms="37980" status="PASS">
          <params>
            <param index="0">
              <value>
                <![CDATA["Verify the add to cart functionality of the Mackbook product"]]>
              </value>
            </param>
            <param index="1">
              <value>
                <![CDATA["Verify the Tutorials Ninja Home page"]]>
              </value>
            </param>
          </params>
          <reporter-output>
          </reporter-output>
        </test-method> <!-- runScenario -->
        <test-method signature="runScenario(io.cucumber.testng.PickleWrapper,io.cucumber.testng.FeatureWrapper)[pri:0, instance:runner.RunnerClass1@43b6123e]" started-at="2025-08-03T01:12:16 IST" name="runScenario" description="Runs Cucumber Scenarios" data-provider="scenarios" finished-at="2025-08-03T01:12:53 IST" duration-ms="37511" status="PASS">
          <params>
            <param index="0">
              <value>
                <![CDATA["Verify the add to cart functionality of the Mackbook product"]]>
              </value>
            </param>
            <param index="1">
              <value>
                <![CDATA["Verify the Tutorials Ninja Home page"]]>
              </value>
            </param>
          </params>
          <reporter-output>
          </reporter-output>
        </test-method> <!-- runScenario -->
        <test-method is-config="true" signature="tearDownClass()[pri:0, instance:runner.RunnerClass1@43b6123e]" started-at="2025-08-03T01:12:54 IST" name="tearDownClass" finished-at="2025-08-03T01:12:57 IST" duration-ms="3441" status="PASS">
          <reporter-output>
          </reporter-output>
        </test-method> <!-- tearDownClass -->
      </class> <!-- runner.RunnerClass1 -->
    </test> <!-- Default test -->
  </suite> <!-- Default suite -->
</testng-results>
