<?xml version="1.0" encoding="UTF-8"?>
<testng-results ignored="0" total="4" passed="4" failed="0" skipped="0">
  <reporter-output>
  </reporter-output>
  <suite started-at="2025-08-02T16:41:43 IST" name="Default suite" finished-at="2025-08-02T16:42:38 IST" duration-ms="54603">
    <groups>
      <group name="cucumber">
        <method signature="AbstractTestNGCucumberTests.runScenario(io.cucumber.testng.PickleWrapper,io.cucumber.testng.FeatureWrapper)[pri:0, instance:runner.RunnerClass1@43b6123e]" name="runScenario" class="io.cucumber.testng.AbstractTestNGCucumberTests"/>
      </group> <!-- cucumber -->
    </groups>
    <test started-at="2025-08-02T16:41:43 IST" name="Default test" finished-at="2025-08-02T16:42:38 IST" duration-ms="54603">
      <class name="runner.RunnerClass1">
        <test-method is-config="true" signature="setUpClass(org.testng.ITestContext)[pri:0, instance:runner.RunnerClass1@43b6123e]" started-at="2025-08-02T16:41:43 IST" name="setUpClass" finished-at="2025-08-02T16:41:45 IST" duration-ms="1213" status="PASS">
          <params>
            <param index="0">
              <value>
                <![CDATA[org.testng.TestRunner@30f28b5]]>
              </value>
            </param>
          </params>
          <reporter-output>
          </reporter-output>
        </test-method> <!-- setUpClass -->
        <test-method signature="runScenario(io.cucumber.testng.PickleWrapper,io.cucumber.testng.FeatureWrapper)[pri:0, instance:runner.RunnerClass1@43b6123e]" started-at="2025-08-02T16:41:45 IST" name="runScenario" description="Runs Cucumber Scenarios" data-provider="scenarios" finished-at="2025-08-02T16:42:00 IST" duration-ms="15119" status="PASS">
          <params>
            <param index="0">
              <value>
                <![CDATA["Verify the add to cart functionality of the Mackbook product"]]>
              </value>
            </param>
            <param index="1">
              <value>
                <![CDATA["Verify the Tutorials Ninja Home page"]]>
              </value>
            </param>
          </params>
          <reporter-output>
          </reporter-output>
        </test-method> <!-- runScenario -->
        <test-method signature="runScenario(io.cucumber.testng.PickleWrapper,io.cucumber.testng.FeatureWrapper)[pri:0, instance:runner.RunnerClass1@43b6123e]" started-at="2025-08-02T16:42:00 IST" name="runScenario" description="Runs Cucumber Scenarios" data-provider="scenarios" finished-at="2025-08-02T16:42:12 IST" duration-ms="12127" status="PASS">
          <params>
            <param index="0">
              <value>
                <![CDATA["Verify the add to cart functionality of the Mackbook product"]]>
              </value>
            </param>
            <param index="1">
              <value>
                <![CDATA["Verify the Tutorials Ninja Home page"]]>
              </value>
            </param>
          </params>
          <reporter-output>
          </reporter-output>
        </test-method> <!-- runScenario -->
        <test-method signature="runScenario(io.cucumber.testng.PickleWrapper,io.cucumber.testng.FeatureWrapper)[pri:0, instance:runner.RunnerClass1@43b6123e]" started-at="2025-08-02T16:42:12 IST" name="runScenario" description="Runs Cucumber Scenarios" data-provider="scenarios" finished-at="2025-08-02T16:42:24 IST" duration-ms="12074" status="PASS">
          <params>
            <param index="0">
              <value>
                <![CDATA["Verify the add to cart functionality of the Mackbook product"]]>
              </value>
            </param>
            <param index="1">
              <value>
                <![CDATA["Verify the Tutorials Ninja Home page"]]>
              </value>
            </param>
          </params>
          <reporter-output>
          </reporter-output>
        </test-method> <!-- runScenario -->
        <test-method signature="runScenario(io.cucumber.testng.PickleWrapper,io.cucumber.testng.FeatureWrapper)[pri:0, instance:runner.RunnerClass1@43b6123e]" started-at="2025-08-02T16:42:24 IST" name="runScenario" description="Runs Cucumber Scenarios" data-provider="scenarios" finished-at="2025-08-02T16:42:35 IST" duration-ms="11277" status="PASS">
          <params>
            <param index="0">
              <value>
                <![CDATA["Verify the add to cart functionality of the Mackbook product"]]>
              </value>
            </param>
            <param index="1">
              <value>
                <![CDATA["Verify the Tutorials Ninja Home page"]]>
              </value>
            </param>
          </params>
          <reporter-output>
          </reporter-output>
        </test-method> <!-- runScenario -->
        <test-method is-config="true" signature="tearDownClass()[pri:0, instance:runner.RunnerClass1@43b6123e]" started-at="2025-08-02T16:42:35 IST" name="tearDownClass" finished-at="2025-08-02T16:42:38 IST" duration-ms="2661" status="PASS">
          <reporter-output>
          </reporter-output>
        </test-method> <!-- tearDownClass -->
      </class> <!-- runner.RunnerClass1 -->
    </test> <!-- Default test -->
  </suite> <!-- Default suite -->
</testng-results>
