<?xml version="1.0" encoding="UTF-8"?>
<!-- Generated by org.testng.reporters.JUnitReportReporter -->
<testsuite hostname="DESKTOP-KR2Q3EV" failures="1" tests="2" name="runner.RunnerClass1" time="32.635" errors="0" timestamp="2025-07-01T13:48:21 IST" skipped="0">
  <testcase classname="runner.RunnerClass1" name="runScenario" time="21.251"/>
  <system-out/>
  <testcase classname="runner.RunnerClass1" name="runScenario" time="11.384">
    <failure message="expected [true] but found [false]" type="java.lang.AssertionError">
      <![CDATA[java.lang.AssertionError: expected [true] but found [false]
at org.testng.Assert.fail(Assert.java:110)
at org.testng.Assert.failNotEquals(Assert.java:1577)
at org.testng.Assert.assertTrue(Assert.java:56)
at org.testng.Assert.assertTrue(Assert.java:66)
at tutorialNinjaStep.TutorialNinjaSteps.the_title_of_the_web_page_should_contains(TutorialNinjaSteps.java:45)
at ✽.the title of the web page should contains "Mobile"(file:///C:/AllDataAutomation/data%20eclipse/BDDPractice/src/test/resources/TutorialsNinja.feature:17)
]]>
    </failure>
  </testcase> <!-- runScenario -->
  <system-out/>
</testsuite> <!-- runner.RunnerClass1 -->
